<?xml version="1.0" encoding="UTF-8"?>
<!-- Generated by org.testng.reporters.JUnitReportReporter -->
<testsuite skipped="0" hostname="SimkiDell" name="TestCases.ToggleAllRemoveButton" tests="2" failures="0" timestamp="2022-01-31T11:14:31 CST" time="16.051" errors="0">
  <testcase name="addList" time="11.209" classname="TestCases.ToggleAllRemoveButton"/>
  <system-out/>
  <testcase name="removeAllToggleAll" time="4.842" classname="TestCases.ToggleAllRemoveButton"/>
  <system-out/>
</testsuite> <!-- TestCases.ToggleAllRemoveButton -->
