<?xml version="1.0" encoding="UTF-8"?>
<!-- Generated by org.testng.reporters.JUnitReportReporter -->
<testsuite skipped="0" hostname="SimkiDell" name="TestCases.SinglecheckboxRemoveButton" tests="2" failures="0" timestamp="2022-01-31T15:50:37 CST" time="9.606" errors="0">
  <testcase name="addList" time="5.070" classname="TestCases.SinglecheckboxRemoveButton"/>
  <system-out/>
  <testcase name="removeSingleItemChecked" time="4.536" classname="TestCases.SinglecheckboxRemoveButton"/>
  <system-out/>
</testsuite> <!-- TestCases.SinglecheckboxRemoveButton -->
