<?xml version="1.0" encoding="UTF-8"?>
<!-- Generated by org.testng.reporters.JUnitReportReporter -->
<testsuite skipped="0" hostname="SimkiDell" name="TestCases.MonthDropDown" tests="1" failures="0" timestamp="2022-01-31T20:31:50 CST" time="4.833" errors="0">
  <testcase name="monthDisplay" time="4.833" classname="TestCases.MonthDropDown"/>
  <system-out/>
</testsuite> <!-- TestCases.MonthDropDown -->
