<?xml version="1.0" encoding="UTF-8"?>
<!-- Generated by org.testng.reporters.JUnitReportReporter -->
<testsuite skipped="0" hostname="SimkiDell" name="TestCases.ToggleAllChecked" tests="2" failures="0" timestamp="2022-01-31T11:49:16 CST" time="15.048" errors="0">
  <testcase name="addList" time="11.053" classname="TestCases.ToggleAllChecked"/>
  <system-out/>
  <testcase name="testToggleAllButton" time="3.995" classname="TestCases.ToggleAllChecked"/>
  <system-out/>
</testsuite> <!-- TestCases.ToggleAllChecked -->
