<?xml version="1.0" encoding="UTF-8"?>
<!-- Generated by org.testng.reporters.JUnitReportReporter -->
<testsuite skipped="0" hostname="SimkiDell" name="TestCases.AddCategory" tests="1" failures="0" timestamp="2022-01-31T16:11:27 CST" time="12.888" errors="0">
  <testcase name="addCategoryData" time="12.888" classname="TestCases.AddCategory"/>
  <system-out/>
</testsuite> <!-- TestCases.AddCategory -->
